#
# A fatal error has been detected by the Java Runtime Environment:
#
#  EXCEPTION_ACCESS_VIOLATION (0xc0000005) at pc=0x6a909ab1, pid=1620, tid=0x00000bc0
#
# JRE version: Java(TM) SE Runtime Environment (8.0_144-b01) (build 1.8.0_144-b01)
# Java VM: Java HotSpot(TM) Client VM (25.144-b01 mixed mode windows-x86 )
# Problematic frame:
# C  [awt.dll+0xa9ab1]
#
# Failed to write core dump. Minidumps are not enabled by default on client versions of Windows
#
# If you would like to submit a bug report, please visit:
#   http://bugreport.java.com/bugreport/crash.jsp
# The crash happened outside the Java Virtual Machine in native code.
# See problematic frame for where to report the bug.
#

---------------  T H R E A D  ---------------

Current thread (0x286ebc00):  JavaThread "AWT-EventQueue-0" [_thread_in_native, id=3008, stack(0x27350000,0x273a0000)]

siginfo: ExceptionCode=0xc0000005, reading address 0x00000004

Registers:
EAX=0x0000000d, EBX=0x2a010f6c, ECX=0x00000000, EDX=0x01557220
ESP=0x2739dd08, EBP=0x76b86cc0, ESI=0x2ab9bd28, EDI=0x2893ab80
EIP=0x6a909ab1, EFLAGS=0x00010293

Top of Stack: (sp=0x2739dd08)
0x2739dd08:   6a88e936 2a010f6c 2893ab80 286ebd40
0x2739dd18:   2739ddd8 2739e290 6a8bb333 286ebd40
0x2739dd28:   2893ab80 2739e290 6a8bb34a 00000001
0x2739dd38:   00000000 00000000 6a88bb85 286ebd40
0x2739dd48:   2739e290 286ebc00 00000000 00000000
0x2739dd58:   2739dd78 033af4d3 28b0e620 2ab91cb8
0x2739dd68:   2739e294 286ebd40 032b4854 00000000
0x2739dd78:   2739de08 034ee2bc ffffffff 2739dd84 

Instructions: (pc=0x6a909ab1)
0x6a909a91:   00 00 c3 8b 41 04 8b 80 0c 0c 00 00 c3 8b 01 83
0x6a909aa1:   78 04 08 7e 03 33 c0 c3 8b 49 04 e9 e4 eb fe ff
0x6a909ab1:   8b 49 04 85 c9 74 05 e9 f2 e9 fe ff 33 c0 c2 04
0x6a909ac1:   00 8b 49 04 85 c9 74 05 e9 07 ea fe ff c2 04 00 


Register to memory mapping:

EAX=0x0000000d is an unknown value
EBX=0x2a010f6c is an unknown value
ECX=0x00000000 is an unknown value
EDX=0x01557220 is an unknown value
ESP=0x2739dd08 is pointing into the stack for thread: 0x286ebc00
EBP=0x76b86cc0 is an unknown value
ESI=0x2ab9bd28 is an unknown value
EDI=0x2893ab80 is an unknown value


Stack: [0x27350000,0x273a0000],  sp=0x2739dd08,  free space=311k
Native frames: (J=compiled Java code, j=interpreted, Vv=VM code, C=native code)
C  [awt.dll+0xa9ab1]

Java frames: (J=compiled Java code, j=interpreted, Vv=VM code)
J 3566  sun.java2d.windows.GDIBlitLoops.nativeBlit(Lsun/java2d/SurfaceData;Lsun/java2d/SurfaceData;Lsun/java2d/pipe/Region;IIIIIIIIIZ)V (0 bytes) @ 0x034bfad8 [0x034bfa10+0xc8]
J 31550 C1 sun.java2d.windows.GDIBlitLoops.Blit(Lsun/java2d/SurfaceData;Lsun/java2d/SurfaceData;Ljava/awt/Composite;Lsun/java2d/pipe/Region;IIIIII)V (37 bytes) @ 0x036c6058 [0x036c5fc0+0x98]
J 30133 C1 sun.java2d.pipe.DrawImage.blitSurfaceData(Lsun/java2d/SunGraphics2D;Lsun/java2d/pipe/Region;Lsun/java2d/SurfaceData;Lsun/java2d/SurfaceData;Lsun/java2d/loops/SurfaceType;Lsun/java2d/loops/SurfaceType;IIIIIILjava/awt/Color;)V (145 bytes) @ 0x03483800 [0x034835e0+0x220]
J 30132 C1 sun.java2d.pipe.DrawImage.renderImageCopy(Lsun/java2d/SunGraphics2D;Ljava/awt/Image;Ljava/awt/Color;IIIIII)Z (147 bytes) @ 0x0356dc5c [0x0356db40+0x11c]
J 30135 C1 sun.java2d.pipe.DrawImage.copyImage(Lsun/java2d/SunGraphics2D;Ljava/awt/Image;IILjava/awt/Color;)Z (105 bytes) @ 0x034831f0 [0x03483010+0x1e0]
J 30129 C1 sun.java2d.pipe.DrawImage.copyImage(Lsun/java2d/SunGraphics2D;Ljava/awt/Image;IILjava/awt/Color;Ljava/awt/image/ImageObserver;)Z (60 bytes) @ 0x034f8e68 [0x034f8d00+0x168]
J 31474 C1 sun.java2d.pipe.ValidatePipe.copyImage(Lsun/java2d/SunGraphics2D;Ljava/awt/Image;IILjava/awt/Color;Ljava/awt/image/ImageObserver;)Z (29 bytes) @ 0x03744928 [0x037448b0+0x78]
J 30128 C1 sun.java2d.SunGraphics2D.drawImage(Ljava/awt/Image;IILjava/awt/Color;Ljava/awt/image/ImageObserver;)Z (145 bytes) @ 0x03594a8c [0x03594890+0x1fc]
J 30130 C1 sun.java2d.SunGraphics2D.drawImage(Ljava/awt/Image;IILjava/awt/image/ImageObserver;)Z (11 bytes) @ 0x03377600 [0x033775c0+0x40]
J 27062 C1 javax.swing.RepaintManager$PaintManager.paintDoubleBuffered(Ljavax/swing/JComponent;Ljava/awt/Image;Ljava/awt/Graphics;IIII)V (294 bytes) @ 0x036d5908 [0x036d5760+0x1a8]
J 27104 C1 javax.swing.RepaintManager$PaintManager.paint(Ljavax/swing/JComponent;Ljavax/swing/JComponent;Ljava/awt/Graphics;IIII)Z (189 bytes) @ 0x03593a4c [0x03593810+0x23c]
J 27532 C1 javax.swing.RepaintManager.paint(Ljavax/swing/JComponent;Ljavax/swing/JComponent;Ljava/awt/Graphics;IIII)V (93 bytes) @ 0x03601170 [0x03600f80+0x1f0]
J 28753 C1 javax.swing.JComponent.paint(Ljava/awt/Graphics;)V (409 bytes) @ 0x033c9cf4 [0x033c9990+0x364]
j  java.awt.GraphicsCallback$PaintCallback.run(Ljava/awt/Component;Ljava/awt/Graphics;)V+2
j  sun.awt.SunGraphicsCallback.runOneComponent(Ljava/awt/Component;Ljava/awt/Rectangle;Ljava/awt/Graphics;Ljava/awt/Shape;I)V+155
j  sun.awt.SunGraphicsCallback.runComponents([Ljava/awt/Component;Ljava/awt/Graphics;I)V+194
j  java.awt.Container.paint(Ljava/awt/Graphics;)V+58
j  java.awt.Window.paint(Ljava/awt/Graphics;)V+68
J 28825 C1 javax.swing.RepaintManager$4.run()Ljava/lang/Void; (278 bytes) @ 0x03390134 [0x0338fe60+0x2d4]
J 28824 C1 javax.swing.RepaintManager$4.run()Ljava/lang/Object; (5 bytes) @ 0x036fc1e0 [0x036fc1c0+0x20]
v  ~StubRoutines::call_stub
J 2399  java.security.AccessController.doPrivileged(Ljava/security/PrivilegedAction;Ljava/security/AccessControlContext;)Ljava/lang/Object; (0 bytes) @ 0x03692907 [0x036928a0+0x67]
J 27085 C1 javax.swing.RepaintManager.paintDirtyRegions(Ljava/util/Map;)V (196 bytes) @ 0x0335c9bc [0x0335c5e0+0x3dc]
J 27536 C1 javax.swing.RepaintManager.paintDirtyRegions()V (50 bytes) @ 0x033fa1e4 [0x033fa0a0+0x144]
J 27530 C1 javax.swing.RepaintManager.prePaintDirtyRegions()V (91 bytes) @ 0x03445074 [0x03444eb0+0x1c4]
J 20806 C1 javax.swing.RepaintManager$ProcessingRunnable.run()V (41 bytes) @ 0x036ac864 [0x036ac730+0x134]
J 20702 C1 java.awt.event.InvocationEvent.dispatch()V (69 bytes) @ 0x03448b5c [0x03448a70+0xec]
J 2434 C1 java.awt.EventQueue.dispatchEventImpl(Ljava/awt/AWTEvent;Ljava/lang/Object;)V (149 bytes) @ 0x0369d24c [0x0369cd90+0x4bc]
J 2497 C1 java.awt.EventQueue$3.run()Ljava/lang/Void; (60 bytes) @ 0x036afc1c [0x036afbc0+0x5c]
J 2496 C1 java.awt.EventQueue$3.run()Ljava/lang/Object; (5 bytes) @ 0x036af9a0 [0x036af980+0x20]
v  ~StubRoutines::call_stub
J 2399  java.security.AccessController.doPrivileged(Ljava/security/PrivilegedAction;Ljava/security/AccessControlContext;)Ljava/lang/Object; (0 bytes) @ 0x03692907 [0x036928a0+0x67]
J 2430 C1 java.awt.EventQueue.dispatchEvent(Ljava/awt/AWTEvent;)V (80 bytes) @ 0x0369b8c8 [0x0369b6c0+0x208]
J 2347 C1 java.awt.EventDispatchThread.pumpOneEventForFilters(I)V (295 bytes) @ 0x035281d0 [0x03527b40+0x690]
J 3839% C1 java.awt.EventDispatchThread.pumpEventsForFilter(ILjava/awt/Conditional;Ljava/awt/EventFilter;)V (47 bytes) @ 0x03526670 [0x035265c0+0xb0]
j  java.awt.EventDispatchThread.pumpEventsForHierarchy(ILjava/awt/Conditional;Ljava/awt/Component;)V+11
j  java.awt.EventDispatchThread.pumpEvents(ILjava/awt/Conditional;)V+4
j  java.awt.EventDispatchThread.pumpEvents(Ljava/awt/Conditional;)V+3
j  java.awt.EventDispatchThread.run()V+9
v  ~StubRoutines::call_stub

---------------  P R O C E S S  ---------------

Java Threads: ( => current thread )
  0x286e6c00 JavaThread "JmmDNS pool-2-thread-8" [_thread_blocked, id=18204, stack(0x29320000,0x29370000)]
  0x286e6400 JavaThread "JmDNS(DESKTOP-O58KED4-mshome-net.local.).State.Timer" daemon [_thread_blocked, id=6912, stack(0x290b0000,0x29100000)]
  0x286e5800 JavaThread "JmDNS(DESKTOP-O58KED4-mshome-net.local.).Timer" daemon [_thread_blocked, id=9480, stack(0x29010000,0x29060000)]
  0x286ea800 JavaThread "SocketListener(DESKTOP-O58KED4-mshome-net.local.)" daemon [_thread_in_native, id=8100, stack(0x27890000,0x278e0000)]
  0x286e9800 JavaThread "JmDNS(host-docker-internal.local.).State.Timer" daemon [_thread_blocked, id=6696, stack(0x29290000,0x292e0000)]
  0x286e9c00 JavaThread "JmDNS(host-docker-internal.local.).Timer" daemon [_thread_blocked, id=2216, stack(0x29240000,0x29290000)]
  0x286e5c00 JavaThread "SocketListener(host-docker-internal.local.)" daemon [_thread_in_native, id=16388, stack(0x29140000,0x29190000)]
  0x286ed000 JavaThread "DestroyJavaVM" [_thread_blocked, id=9420, stack(0x03030000,0x03080000)]
  0x286ea400 JavaThread "TimerQueue" daemon [_thread_blocked, id=13172, stack(0x014b0000,0x01500000)]
=>0x286ebc00 JavaThread "AWT-EventQueue-0" [_thread_in_native, id=3008, stack(0x27350000,0x273a0000)]
  0x286e9000 JavaThread "AWT-Shutdown" [_thread_blocked, id=8712, stack(0x03210000,0x03260000)]
  0x286ec400 JavaThread "Batik CleanerThread" daemon [_thread_blocked, id=8888, stack(0x01460000,0x014b0000)]
  0x2847ec00 JavaThread "Timer-0" [_thread_blocked, id=2156, stack(0x29440000,0x29490000)]
  0x26652c00 JavaThread "Multihomed mDNS.Timer" daemon [_thread_blocked, id=8444, stack(0x28e30000,0x28e80000)]
  0x2664b400 JavaThread "cc.arduino.packages.discoverers.serial.SerialBoardsLister" [_thread_blocked, id=11408, stack(0x26bb0000,0x26c00000)]
  0x26703000 JavaThread "AWT-Windows" daemon [_thread_in_native, id=8372, stack(0x26c40000,0x26c90000)]
  0x26701c00 JavaThread "Java2D Disposer" daemon [_thread_blocked, id=5432, stack(0x26b20000,0x26b70000)]
  0x25d05800 JavaThread "Service Thread" daemon [_thread_blocked, id=7668, stack(0x26380000,0x263d0000)]
  0x25ced400 JavaThread "C1 CompilerThread0" daemon [_thread_blocked, id=9556, stack(0x262f0000,0x26340000)]
  0x25cec800 JavaThread "Attach Listener" daemon [_thread_blocked, id=10196, stack(0x26260000,0x262b0000)]
  0x25ce9c00 JavaThread "Signal Dispatcher" daemon [_thread_blocked, id=4076, stack(0x261d0000,0x26220000)]
  0x25ccbc00 JavaThread "Finalizer" daemon [_thread_blocked, id=5780, stack(0x26010000,0x26060000)]
  0x25cc5c00 JavaThread "Reference Handler" daemon [_thread_blocked, id=6648, stack(0x25f80000,0x25fd0000)]

Other Threads:
  0x25cb1000 VMThread [stack: 0x25ef0000,0x25f40000] [id=14004]
  0x25cf4800 WatcherThread [stack: 0x26410000,0x26460000] [id=11812]

VM state:not at safepoint (normal execution)

VM Mutex/Monitor currently owned by a thread: None

Heap:
 def new generation   total 101760K, used 77687K [0x05400000, 0x0c260000, 0x0fea0000)
  eden space 90496K,  81% used [0x05400000, 0x09bf2e10, 0x0ac60000)
  from space 11264K,  35% used [0x0b760000, 0x0bb4b0b8, 0x0c260000)
  to   space 11264K,   0% used [0x0ac60000, 0x0ac60000, 0x0b760000)
 tenured generation   total 225880K, used 140421K [0x0fea0000, 0x1db36000, 0x25400000)
   the space 225880K,  62% used [0x0fea0000, 0x187c1540, 0x187c1600, 0x1db36000)
 Metaspace       used 21834K, capacity 22565K, committed 23424K, reserved 23936K

Card table byte_map: [0x25400000,0x25510000] byte_map_base: 0x253d6000

Polling page: 0x02d50000

CodeCache: size=32768Kb used=2349Kb max_used=5499Kb free=30418Kb
 bounds [0x032b0000, 0x03820000, 0x052b0000]
 total_blobs=1328 nmethods=1044 adapters=211
 compilation: enabled

Compilation events (10 events):
Event: 293121.677 Thread 0x25ced400 31967             java.util.concurrent.locks.AbstractQueuedSynchronizer$ConditionObject::<init> (10 bytes)
Event: 293121.677 Thread 0x25ced400 nmethod 31967 0x03589508 code [0x03589600, 0x03589690]
Event: 293157.008 Thread 0x25ced400 31968             java.lang.AbstractStringBuilder::setLength (45 bytes)
Event: 293157.226 Thread 0x25ced400 nmethod 31968 0x03526908 code [0x03526a40, 0x03526d10]
Event: 293157.226 Thread 0x25ced400 31969             java.lang.AbstractStringBuilder::ensureCapacityInternal (27 bytes)
Event: 293157.226 Thread 0x25ced400 nmethod 31969 0x036d8f08 code [0x036d9020, 0x036d91e8]
Event: 294468.631 Thread 0x25ced400 31970             java.util.HashSet::size (8 bytes)
Event: 294468.661 Thread 0x25ced400 nmethod 31970 0x033a5748 code [0x033a5840, 0x033a58d0]
Event: 531293.279 Thread 0x25ced400 31972             sun.swing.ImageCache::getEntry (148 bytes)
Event: 531306.446 Thread 0x25ced400 nmethod 31972 0x0355eb08 code [0x0355ecb0, 0x0355f214]

GC Heap History (10 events):
Event: 239932.345 GC heap before
{Heap before GC invocations=374 (full 4):
 def new generation   total 101760K, used 90497K [0x05400000, 0x0c260000, 0x0fea0000)
  eden space 90496K, 100% used [0x05400000, 0x0ac60000, 0x0ac60000)
  from space 11264K,   0% used [0x0ac60000, 0x0ac60610, 0x0b760000)
  to   space 11264K,   0% used [0x0b760000, 0x0b760000, 0x0c260000)
 tenured generation   total 225880K, used 140421K [0x0fea0000, 0x1db36000, 0x25400000)
   the space 225880K,  62% used [0x0fea0000, 0x187c1540, 0x187c1600, 0x1db36000)
 Metaspace       used 21834K, capacity 22565K, committed 23424K, reserved 23936K
Event: 279260.811 GC heap after
Heap after GC invocations=375 (full 4):
 def new generation   total 101760K, used 4350K [0x05400000, 0x0c260000, 0x0fea0000)
  eden space 90496K,   0% used [0x05400000, 0x05400000, 0x0ac60000)
  from space 11264K,  38% used [0x0b760000, 0x0bb9fb08, 0x0c260000)
  to   space 11264K,   0% used [0x0ac60000, 0x0ac60000, 0x0b760000)
 tenured generation   total 225880K, used 140421K [0x0fea0000, 0x1db36000, 0x25400000)
   the space 225880K,  62% used [0x0fea0000, 0x187c1540, 0x187c1600, 0x1db36000)
 Metaspace       used 21834K, capacity 22565K, committed 23424K, reserved 23936K
}
Event: 282958.570 GC heap before
{Heap before GC invocations=375 (full 4):
 def new generation   total 101760K, used 94846K [0x05400000, 0x0c260000, 0x0fea0000)
  eden space 90496K, 100% used [0x05400000, 0x0ac60000, 0x0ac60000)
  from space 11264K,  38% used [0x0b760000, 0x0bb9fb08, 0x0c260000)
  to   space 11264K,   0% used [0x0ac60000, 0x0ac60000, 0x0b760000)
 tenured generation   total 225880K, used 140421K [0x0fea0000, 0x1db36000, 0x25400000)
   the space 225880K,  62% used [0x0fea0000, 0x187c1540, 0x187c1600, 0x1db36000)
 Metaspace       used 21834K, capacity 22565K, committed 23424K, reserved 23936K
Event: 282970.266 GC heap after
Heap after GC invocations=376 (full 4):
 def new generation   total 101760K, used 4019K [0x05400000, 0x0c260000, 0x0fea0000)
  eden space 90496K,   0% used [0x05400000, 0x05400000, 0x0ac60000)
  from space 11264K,  35% used [0x0ac60000, 0x0b04cca8, 0x0b760000)
  to   space 11264K,   0% used [0x0b760000, 0x0b760000, 0x0c260000)
 tenured generation   total 225880K, used 140421K [0x0fea0000, 0x1db36000, 0x25400000)
   the space 225880K,  62% used [0x0fea0000, 0x187c1540, 0x187c1600, 0x1db36000)
 Metaspace       used 21834K, capacity 22565K, committed 23424K, reserved 23936K
}
Event: 286629.255 GC heap before
{Heap before GC invocations=376 (full 4):
 def new generation   total 101760K, used 94515K [0x05400000, 0x0c260000, 0x0fea0000)
  eden space 90496K, 100% used [0x05400000, 0x0ac60000, 0x0ac60000)
  from space 11264K,  35% used [0x0ac60000, 0x0b04cca8, 0x0b760000)
  to   space 11264K,   0% used [0x0b760000, 0x0b760000, 0x0c260000)
 tenured generation   total 225880K, used 140421K [0x0fea0000, 0x1db36000, 0x25400000)
   the space 225880K,  62% used [0x0fea0000, 0x187c1540, 0x187c1600, 0x1db36000)
 Metaspace       used 21834K, capacity 22565K, committed 23424K, reserved 23936K
Event: 286641.690 GC heap after
Heap after GC invocations=377 (full 4):
 def new generation   total 101760K, used 4036K [0x05400000, 0x0c260000, 0x0fea0000)
  eden space 90496K,   0% used [0x05400000, 0x05400000, 0x0ac60000)
  from space 11264K,  35% used [0x0b760000, 0x0bb51078, 0x0c260000)
  to   space 11264K,   0% used [0x0ac60000, 0x0ac60000, 0x0b760000)
 tenured generation   total 225880K, used 140421K [0x0fea0000, 0x1db36000, 0x25400000)
   the space 225880K,  62% used [0x0fea0000, 0x187c1540, 0x187c1600, 0x1db36000)
 Metaspace       used 21834K, capacity 22565K, committed 23424K, reserved 23936K
}
Event: 290323.799 GC heap before
{Heap before GC invocations=377 (full 4):
 def new generation   total 101760K, used 94532K [0x05400000, 0x0c260000, 0x0fea0000)
  eden space 90496K, 100% used [0x05400000, 0x0ac60000, 0x0ac60000)
  from space 11264K,  35% used [0x0b760000, 0x0bb51078, 0x0c260000)
  to   space 11264K,   0% used [0x0ac60000, 0x0ac60000, 0x0b760000)
 tenured generation   total 225880K, used 140421K [0x0fea0000, 0x1db36000, 0x25400000)
   the space 225880K,  62% used [0x0fea0000, 0x187c1540, 0x187c1600, 0x1db36000)
 Metaspace       used 21834K, capacity 22565K, committed 23424K, reserved 23936K
Event: 290323.809 GC heap after
Heap after GC invocations=378 (full 4):
 def new generation   total 101760K, used 4012K [0x05400000, 0x0c260000, 0x0fea0000)
  eden space 90496K,   0% used [0x05400000, 0x05400000, 0x0ac60000)
  from space 11264K,  35% used [0x0ac60000, 0x0b04b170, 0x0b760000)
  to   space 11264K,   0% used [0x0b760000, 0x0b760000, 0x0c260000)
 tenured generation   total 225880K, used 140421K [0x0fea0000, 0x1db36000, 0x25400000)
   the space 225880K,  62% used [0x0fea0000, 0x187c1540, 0x187c1600, 0x1db36000)
 Metaspace       used 21834K, capacity 22565K, committed 23424K, reserved 23936K
}
Event: 294026.269 GC heap before
{Heap before GC invocations=378 (full 4):
 def new generation   total 101760K, used 94508K [0x05400000, 0x0c260000, 0x0fea0000)
  eden space 90496K, 100% used [0x05400000, 0x0ac60000, 0x0ac60000)
  from space 11264K,  35% used [0x0ac60000, 0x0b04b170, 0x0b760000)
  to   space 11264K,   0% used [0x0b760000, 0x0b760000, 0x0c260000)
 tenured generation   total 225880K, used 140421K [0x0fea0000, 0x1db36000, 0x25400000)
   the space 225880K,  62% used [0x0fea0000, 0x187c1540, 0x187c1600, 0x1db36000)
 Metaspace       used 21834K, capacity 22565K, committed 23424K, reserved 23936K
Event: 294026.273 GC heap after
Heap after GC invocations=379 (full 4):
 def new generation   total 101760K, used 4012K [0x05400000, 0x0c260000, 0x0fea0000)
  eden space 90496K,   0% used [0x05400000, 0x05400000, 0x0ac60000)
  from space 11264K,  35% used [0x0b760000, 0x0bb4b0b8, 0x0c260000)
  to   space 11264K,   0% used [0x0ac60000, 0x0ac60000, 0x0b760000)
 tenured generation   total 225880K, used 140421K [0x0fea0000, 0x1db36000, 0x25400000)
   the space 225880K,  62% used [0x0fea0000, 0x187c1540, 0x187c1600, 0x1db36000)
 Metaspace       used 21834K, capacity 22565K, committed 23424K, reserved 23936K
}

Deoptimization events (0 events):
No events

Internal exceptions (10 events):
Event: 237546.723 Thread 0x286eb400 Exception <a 'java/net/SocketException': socket closed> (0x066c35c8) thrown at [C:\workspace\8-2-build-windows-i586-cygwin\jdk8u144\9417\hotspot\src\share\vm\prims\jni.cpp, line 735]
Event: 237567.983 Thread 0x286ec800 Exception <a 'java/net/SocketException': socket closed> (0x068be998) thrown at [C:\workspace\8-2-build-windows-i586-cygwin\jdk8u144\9417\hotspot\src\share\vm\prims\jni.cpp, line 735]
Event: 279353.268 Thread 0x286eb400 Exception <a 'java/net/SocketException': socket closed> (0x054435e8) thrown at [C:\workspace\8-2-build-windows-i586-cygwin\jdk8u144\9417\hotspot\src\share\vm\prims\jni.cpp, line 735]
Event: 279389.650 Thread 0x26652c00 Exception <a 'java/net/SocketException': error setting options> (0x055ce528) thrown at [C:\workspace\8-2-build-windows-i586-cygwin\jdk8u144\9417\hotspot\src\share\vm\prims\jni.cpp, line 735]
Event: 279390.015 Thread 0x286e5c00 Exception <a 'java/net/SocketException': socket closed> (0x05744cb0) thrown at [C:\workspace\8-2-build-windows-i586-cygwin\jdk8u144\9417\hotspot\src\share\vm\prims\jni.cpp, line 735]
Event: 283874.178 Thread 0x286e9800 Exception <a 'java/net/SocketException': socket closed> (0x06b097d8) thrown at [C:\workspace\8-2-build-windows-i586-cygwin\jdk8u144\9417\hotspot\src\share\vm\prims\jni.cpp, line 735]
Event: 283926.801 Thread 0x286e9800 Exception <a 'java/net/SocketException': socket closed> (0x06b1d190) thrown at [C:\workspace\8-2-build-windows-i586-cygwin\jdk8u144\9417\hotspot\src\share\vm\prims\jni.cpp, line 735]
Event: 283934.672 Thread 0x286eb400 Exception <a 'java/net/SocketException': socket closed> (0x055d62c8) thrown at [C:\workspace\8-2-build-windows-i586-cygwin\jdk8u144\9417\hotspot\src\share\vm\prims\jni.cpp, line 735]
Event: 531213.998 Thread 0x286e9800 Exception <a 'java/net/SocketException': socket closed> (0x099ab5c8) thrown at [C:\workspace\8-2-build-windows-i586-cygwin\jdk8u144\9417\hotspot\src\share\vm\prims\jni.cpp, line 735]
Event: 531279.362 Thread 0x286e8400 Exception <a 'java/net/SocketException': socket closed> (0x099a7930) thrown at [C:\workspace\8-2-build-windows-i586-cygwin\jdk8u144\9417\hotspot\src\share\vm\prims\jni.cpp, line 735]

Events (10 events):
Event: 531271.125 Executing VM operation: RevokeBias
Event: 531278.828 Executing VM operation: RevokeBias done
Event: 531278.828 Thread 0x286e8800 Thread exited: 0x286e8800
Event: 531279.362 Executing VM operation: RevokeBias
Event: 531282.762 Executing VM operation: RevokeBias done
Event: 531282.762 Thread 0x286e8400 Thread exited: 0x286e8400
Event: 531306.448 Thread 0x25ced400 flushing nmethod 0x033acc08
Event: 531326.258 Executing VM operation: RevokeBias
Event: 531328.988 Executing VM operation: RevokeBias done
Event: 531328.988 Thread 0x286ec800 Thread exited: 0x286ec800


Dynamic libraries:
0x00e80000 - 0x00eb3000 	C:\Program Files (x86)\Arduino\java\bin\javaw.exe
0x77540000 - 0x776e3000 	C:\WINDOWS\SYSTEM32\ntdll.dll
0x75a20000 - 0x75b10000 	C:\WINDOWS\System32\KERNEL32.DLL
0x6fa70000 - 0x6fa82000 	C:\Program Files\AVAST Software\Avast\x86\aswhook.dll
0x76ca0000 - 0x76eb4000 	C:\WINDOWS\System32\KERNELBASE.dll
0x765f0000 - 0x7666b000 	C:\WINDOWS\System32\ADVAPI32.dll
0x76fd0000 - 0x7708f000 	C:\WINDOWS\System32\msvcrt.dll
0x76850000 - 0x768c6000 	C:\WINDOWS\System32\sechost.dll
0x763e0000 - 0x7649e000 	C:\WINDOWS\System32\RPCRT4.dll
0x76910000 - 0x76aac000 	C:\WINDOWS\System32\USER32.dll
0x77430000 - 0x77448000 	C:\WINDOWS\System32\win32u.dll
0x76b80000 - 0x76ba4000 	C:\WINDOWS\System32\GDI32.dll
0x76670000 - 0x7674c000 	C:\WINDOWS\System32\gdi32full.dll
0x764a0000 - 0x7651b000 	C:\WINDOWS\System32\msvcp_win.dll
0x758a0000 - 0x759c0000 	C:\WINDOWS\System32\ucrtbase.dll
0x70540000 - 0x70750000 	C:\WINDOWS\WinSxS\x86_microsoft.windows.common-controls_6595b64144ccf1df_6.0.19041.1110_none_a8625c1886757984\COMCTL32.dll
0x76ab0000 - 0x76ad5000 	C:\WINDOWS\System32\IMM32.DLL
0x70050000 - 0x7010f000 	C:\Program Files (x86)\Arduino\java\bin\msvcr100.dll
0x67d50000 - 0x6811e000 	C:\Program Files (x86)\Arduino\java\bin\client\jvm.dll
0x770b0000 - 0x770b6000 	C:\WINDOWS\System32\PSAPI.DLL
0x719f0000 - 0x719f8000 	C:\WINDOWS\SYSTEM32\WSOCK32.dll
0x75400000 - 0x75408000 	C:\WINDOWS\SYSTEM32\VERSION.dll
0x74320000 - 0x74348000 	C:\WINDOWS\SYSTEM32\WINMM.dll
0x76750000 - 0x767b3000 	C:\WINDOWS\System32\WS2_32.dll
0x70ac0000 - 0x70af0000 	C:\Program Files (x86)\Arduino\java\bin\splashscreen.dll
0x73cd0000 - 0x73d44000 	C:\WINDOWS\system32\uxtheme.dll
0x77150000 - 0x773d0000 	C:\WINDOWS\System32\combase.dll
0x70ab0000 - 0x70abc000 	C:\Program Files (x86)\Arduino\java\bin\verify.dll
0x77450000 - 0x77524000 	C:\WINDOWS\System32\MSCTF.dll
0x76ae0000 - 0x76b76000 	C:\WINDOWS\System32\OLEAUT32.dll
0x70a80000 - 0x70aa1000 	C:\Program Files (x86)\Arduino\java\bin\java.dll
0x74e20000 - 0x74e2f000 	C:\WINDOWS\SYSTEM32\kernel.appcore.dll
0x76540000 - 0x7659f000 	C:\WINDOWS\System32\bcryptPrimitives.dll
0x70a60000 - 0x70a73000 	C:\Program Files (x86)\Arduino\java\bin\zip.dll
0x709a0000 - 0x70a59000 	C:\WINDOWS\SYSTEM32\textinputframework.dll
0x67ad0000 - 0x67d4e000 	C:\WINDOWS\System32\CoreUIComponents.dll
0x70900000 - 0x7099b000 	C:\WINDOWS\System32\CoreMessaging.dll
0x770c0000 - 0x77147000 	C:\WINDOWS\System32\SHCORE.dll
0x75350000 - 0x75379000 	C:\WINDOWS\SYSTEM32\ntmarta.dll
0x6ff70000 - 0x7004b000 	C:\WINDOWS\SYSTEM32\wintypes.dll
0x75d20000 - 0x762d5000 	C:\WINDOWS\System32\SHELL32.dll
0x73680000 - 0x73c8c000 	C:\WINDOWS\SYSTEM32\windows.storage.dll
0x73560000 - 0x73584000 	C:\WINDOWS\SYSTEM32\Wldp.dll
0x75850000 - 0x75895000 	C:\WINDOWS\System32\shlwapi.dll
0x717d0000 - 0x717e8000 	C:\WINDOWS\SYSTEM32\profapi.dll
0x61940000 - 0x619b2000 	C:\Program Files (x86)\Arduino\lib\listSerialsj.dll
0x75410000 - 0x7584a000 	C:\WINDOWS\System32\SETUPAPI.dll
0x768d0000 - 0x7690b000 	C:\WINDOWS\System32\cfgmgr32.dll
0x76520000 - 0x76539000 	C:\WINDOWS\System32\bcrypt.dll
0x708e0000 - 0x708fd000 	C:\Program Files (x86)\Arduino\lib\jnidispatch-4.2.2-win32-x86.dll
0x76bb0000 - 0x76c93000 	C:\WINDOWS\System32\Ole32.dll
0x708c0000 - 0x708d6000 	C:\Program Files (x86)\Arduino\java\bin\net.dll
0x735b0000 - 0x73602000 	C:\WINDOWS\system32\mswsock.dll
0x708b0000 - 0x708bf000 	C:\Program Files (x86)\Arduino\java\bin\nio.dll
0x6a860000 - 0x6a9a5000 	C:\Program Files (x86)\Arduino\java\bin\awt.dll
0x6fa90000 - 0x6fb2f000 	C:\WINDOWS\SYSTEM32\apphelp.dll
0x698e0000 - 0x69906000 	C:\WINDOWS\system32\DWMAPI.DLL
0x70870000 - 0x708a9000 	C:\Program Files (x86)\Arduino\java\bin\fontmanager.dll
0x68300000 - 0x68404000 	C:\WINDOWS\system32\opengl32.dll
0x6ff30000 - 0x6ff6f000 	C:\WINDOWS\SYSTEM32\GLU32.dll
0x6fef0000 - 0x6ff22000 	C:\Program Files (x86)\Arduino\java\bin\t2k.dll
0x75320000 - 0x75349000 	C:\WINDOWS\SYSTEM32\DEVOBJ.dll
0x765a0000 - 0x765ed000 	C:\WINDOWS\System32\WINTRUST.dll
0x762e0000 - 0x763da000 	C:\WINDOWS\System32\CRYPT32.dll
0x752f0000 - 0x752fe000 	C:\WINDOWS\SYSTEM32\MSASN1.dll
0x75120000 - 0x75152000 	C:\WINDOWS\SYSTEM32\IPHLPAPI.DLL
0x75d10000 - 0x75d17000 	C:\WINDOWS\System32\NSI.dll
0x71c00000 - 0x71c14000 	C:\WINDOWS\SYSTEM32\dhcpcsvc6.DLL
0x71c20000 - 0x71c36000 	C:\WINDOWS\SYSTEM32\dhcpcsvc.DLL
0x6fd20000 - 0x6fd31000 	C:\WINDOWS\system32\napinsp.dll
0x71d40000 - 0x71dd0000 	C:\WINDOWS\SYSTEM32\DNSAPI.dll
0x6fd00000 - 0x6fd16000 	C:\WINDOWS\system32\pnrpnsp.dll
0x6fcf0000 - 0x6fd00000 	C:\WINDOWS\system32\wshbth.dll
0x6fcd0000 - 0x6fce6000 	C:\WINDOWS\system32\NLAapi.dll
0x6fcc0000 - 0x6fcce000 	C:\WINDOWS\System32\winrnr.dll
0x71cd0000 - 0x71d28000 	C:\WINDOWS\System32\fwpuclnt.dll
0x71d30000 - 0x71d38000 	C:\Windows\System32\rasadhlp.dll
0x67a60000 - 0x67ac9000 	C:\Program Files (x86)\Arduino\msvcp100.dll
0x679a0000 - 0x67a5e000 	C:\Program Files (x86)\Arduino\msvcr100.dll
0x00f90000 - 0x00fc2000 	C:\Program Files (x86)\Arduino\lib\AStylej.dll
0x6fec0000 - 0x6fee4000 	C:\Program Files (x86)\Arduino\java\bin\dcpr.dll
0x75b10000 - 0x75b8e000 	C:\WINDOWS\System32\clbcatq.dll
0x68120000 - 0x68291000 	C:\WINDOWS\SYSTEM32\WindowsCodecs.dll
0x6b520000 - 0x6b551000 	C:\WINDOWS\system32\dataexchange.dll
0x67830000 - 0x67994000 	C:\WINDOWS\system32\dcomp.dll
0x67650000 - 0x67830000 	C:\WINDOWS\system32\d3d11.dll
0x67580000 - 0x67642000 	C:\WINDOWS\system32\dxgi.dll
0x673f0000 - 0x6757f000 	C:\WINDOWS\system32\twinapi.appcore.dll
0x67360000 - 0x673ed000 	C:\WINDOWS\WinSxS\x86_microsoft.windows.common-controls_6595b64144ccf1df_5.82.19041.1110_none_c0da534e38c01f4d\comctl32.dll
0x6a7e0000 - 0x6a800000 	C:\Program Files (x86)\Arduino\java\bin\sunec.dll
0x73660000 - 0x73673000 	C:\WINDOWS\SYSTEM32\CRYPTSP.dll
0x73630000 - 0x7365f000 	C:\WINDOWS\system32\rsaenh.dll
0x717f0000 - 0x71815000 	C:\WINDOWS\SYSTEM32\USERENV.dll
0x73c90000 - 0x73c9a000 	C:\WINDOWS\SYSTEM32\CRYPTBASE.dll
0x6feb0000 - 0x6feb9000 	C:\Program Files (x86)\Arduino\java\bin\sunmscapi.dll
0x76ec0000 - 0x76f6f000 	C:\WINDOWS\System32\COMDLG32.dll
0x672d0000 - 0x67353000 	C:\Program Files (x86)\Common Files\microsoft shared\ink\tiptsf.dll
0x67230000 - 0x672c4000 	C:\WINDOWS\SYSTEM32\TextShaping.dll
0x68520000 - 0x6853b000 	C:\WINDOWS\SYSTEM32\edputil.dll
0x682b0000 - 0x682f8000 	C:\Windows\System32\thumbcache.dll
0x71dd0000 - 0x71e92000 	C:\WINDOWS\system32\propsys.dll
0x671d0000 - 0x6722c000 	C:\WINDOWS\SYSTEM32\ntshrui.dll
0x6fe60000 - 0x6fe81000 	C:\WINDOWS\SYSTEM32\SspiCli.dll
0x68540000 - 0x6855d000 	C:\WINDOWS\SYSTEM32\srvcli.dll
0x70290000 - 0x7029e000 	C:\WINDOWS\SYSTEM32\cscapi.dll
0x6b510000 - 0x6b520000 	C:\Windows\System32\AssignedAccessRuntime.dll
0x67180000 - 0x671c9000 	C:\Windows\System32\Windows.FileExplorer.Common.dll
0x68560000 - 0x6878c000 	C:\Windows\System32\iertutil.dll
0x670f0000 - 0x67171000 	C:\WINDOWS\System32\StructuredQuery.dll
0x66d80000 - 0x66e02000 	C:\WINDOWS\SYSTEM32\policymanager.dll
0x70110000 - 0x70175000 	C:\WINDOWS\SYSTEM32\msvcp110_win.dll
0x66ce0000 - 0x66d7e000 	C:\WINDOWS\system32\Windows.Storage.Search.dll
0x68500000 - 0x6851d000 	C:\Windows\System32\cldapi.dll
0x6a850000 - 0x6a858000 	C:\Windows\System32\FLTLIB.DLL
0x66b50000 - 0x66cdc000 	C:\Users\Pascal Scholz\AppData\Local\Microsoft\OneDrive\22.033.0213.0002\i386\FileSyncShell.dll
0x73ec0000 - 0x74314000 	C:\WINDOWS\SYSTEM32\WININET.dll
0x75160000 - 0x7516f000 	C:\WINDOWS\SYSTEM32\WTSAPI32.dll
0x6fd40000 - 0x6fd4a000 	C:\WINDOWS\SYSTEM32\Secur32.dll
0x66ab0000 - 0x66b43000 	C:\Windows\System32\Windows.StateRepositoryPS.dll
0x66a30000 - 0x66aab000 	C:\Program Files (x86)\Dropbox\Client\DropboxExt.52.0.dll
0x66f10000 - 0x66f79000 	C:\WINDOWS\system32\PhotoMetadataHandler.dll
0x66730000 - 0x66a2c000 	C:\Program Files\AVAST Software\Avast\x86\ashShell.dll
0x71eb0000 - 0x71ef4000 	C:\WINDOWS\SYSTEM32\POWRPROF.dll
0x73d50000 - 0x73eb7000 	C:\WINDOWS\WinSxS\x86_microsoft.windows.gdiplus_6595b64144ccf1df_1.1.19041.1566_none_d951c72fe1040d0f\gdiplus.dll
0x71ea0000 - 0x71ead000 	C:\WINDOWS\SYSTEM32\UMPDC.dll
0x702a0000 - 0x70539000 	C:\WINDOWS\SYSTEM32\msi.dll
0x68790000 - 0x68938000 	C:\WINDOWS\SYSTEM32\urlmon.dll
0x70af0000 - 0x70afb000 	C:\WINDOWS\SYSTEM32\netutils.dll

VM Arguments:
jvm_args: -Dsun.java2d.d3d=false -Djna.nosys=true -Djna.nounpack=true -Djna.boot.library.name=jnidispatch-4.2.2-win32-x86 -Djna.boot.library.path=C:\Program Files (x86)\Arduino/lib -Djssc.library.path=C:\Program Files (x86)\Arduino/lib -DAPP_DIR=C:\Program Files (x86)\Arduino -Xms128M -Xmx512M -Djava.net.preferIPv4Stack=true 
java_command: processing.app.Base C:\Users\Pascal Scholz\Documents\GitHub\MQTTDevice4\MQTTDevice4.ino
java_class_path (initial): C:\Program Files (x86)\Arduino\lib\apple.jar;C:\Program Files (x86)\Arduino\lib\arduino-core.jar;C:\Program Files (x86)\Arduino\lib\batik-1.8.jar;C:\Program Files (x86)\Arduino\lib\batik-anim-1.8.jar;C:\Program Files (x86)\Arduino\lib\batik-awt-util-1.8.jar;C:\Program Files (x86)\Arduino\lib\batik-bridge-1.8.jar;C:\Program Files (x86)\Arduino\lib\batik-codec-1.8.jar;C:\Program Files (x86)\Arduino\lib\batik-css-1.8.jar;C:\Program Files (x86)\Arduino\lib\batik-dom-1.8.jar;C:\Program Files (x86)\Arduino\lib\batik-ext-1.8.jar;C:\Program Files (x86)\Arduino\lib\batik-gvt-1.8.jar;C:\Program Files (x86)\Arduino\lib\batik-parser-1.8.jar;C:\Program Files (x86)\Arduino\lib\batik-rasterizer-1.8.jar;C:\Program Files (x86)\Arduino\lib\batik-script-1.8.jar;C:\Program Files (x86)\Arduino\lib\batik-squiggle-1.8.jar;C:\Program Files (x86)\Arduino\lib\batik-svg-dom-1.8.jar;C:\Program Files (x86)\Arduino\lib\batik-svgpp-1.8.jar;C:\Program Files (x86)\Arduino\lib\batik-transcoder-1.8.jar;C:\Program Files (x86)\Arduino\lib\batik-util-1.8.jar;C:\Program Files (x86)\Arduino\lib\batik-xml-1.8.jar;C:\Program Files (x86)\Arduino\lib\bcpg-jdk15on-152.jar;C:\Program Files (x86)\Arduino\lib\bcprov-jdk15on-152.jar;C:\Program Files (x86)\Arduino\lib\commons-codec-1.7.jar;C:\Program Files (x86)\Arduino\lib\commons-compress-1.8.jar;C:\Program Files (x86)\Arduino\lib\commons-exec-1.1.jar;C:\Program Files (x86)\Arduino\lib\commons-httpclient-3.1.jar;C:\Program Files (x86)\Arduino\lib\commons-lang3-3.3.2.jar;C:\Program Files (x86)\Arduino\lib\commons-logging-1.0.4.jar;C:\Program Files (x86)\Arduino\lib\commons-net-3.3.jar;C:\Program Files (x86)\Arduino\lib\jackson-annotations-2.6.3.jar;C:\Program Files (x86)\Arduino\lib\jackson-core-2.6.3.jar;C:\Program Files (x86)\Arduino\lib\jackson-databind-2.6.3.jar;C:\Program Files (x86)\Arduino\lib\jackson-module-mrbean-2.6.3.jar;C:\Program Files (x86)\Arduino\lib\java-semver-0.8.0.jar;C:\Program Files (x86)\Arduino\lib\jmdns-3.5.1.j
Launcher Type: SUN_STANDARD

Environment Variables:
_JAVA_OPTIONS=-Djava.net.preferIPv4Stack=true
USERNAME=Pascal
OS=Windows_NT
PROCESSOR_IDENTIFIER=Intel64 Family 6 Model 58 Stepping 9, GenuineIntel



---------------  S Y S T E M  ---------------

OS: Windows 10.0 , 64 bit Build 19041 (10.0.19041.1566)

CPU:total 4 (initial active 4) (2 cores per cpu, 2 threads per core) family 6 model 58 stepping 9, cmov, cx8, fxsr, mmx, sse, sse2, sse3, ssse3, sse4.1, sse4.2, popcnt, avx, aes, clmul, erms, ht, tsc, tscinvbit, tscinv

Memory: 4k page, physical 3882792k(287280k free), swap 9187600k(2429188k free)

vm_info: Java HotSpot(TM) Client VM (25.144-b01) for windows-x86 JRE (1.8.0_144-b01), built on Jul 21 2017 21:58:05 by "java_re" with MS VC++ 10.0 (VS2010)

time: Mon Mar 28 18:34:42 2022
elapsed time: 531388 seconds (6d 3h 36m 28s)

